    Updating crates.io index
     Locking 606 packages to latest compatible versions
      Adding cosmic-text v0.12.1 (available: v0.17.1)
      Adding generic-array v0.14.7 (available: v0.14.9)
      Adding glyphon v0.7.0 (available: v0.10.0)
      Adding petgraph v0.6.5 (available: v0.8.3)
      Adding portable-pty v0.8.1 (available: v0.9.0)
      Adding rand v0.8.5 (available: v0.10.0)
      Adding reqwest v0.12.28 (available: v0.13.2)
      Adding rusqlite v0.31.0 (available: v0.38.0)
      Adding toml v0.8.23 (available: v1.0.1+spec-1.1.0)
      Adding tree-sitter v0.24.7 (available: v0.26.5)
      Adding tree-sitter-javascript v0.23.1 (available: v0.25.0)
      Adding tree-sitter-python v0.23.6 (available: v0.25.0)
      Adding tree-sitter-rust v0.23.3 (available: v0.24.0)
      Adding wasmtime v27.0.0 (available: v41.0.3)
      Adding wgpu v23.0.1 (available: v28.0.0)
 Downloading crates ...
  Downloaded as-raw-xcb-connection v1.0.1
  Downloaded arrayref v0.3.9
  Downloaded arrayvec v0.7.6
  Downloaded form_urlencoded v1.2.2
  Downloaded dlib v0.5.2
  Downloaded foreign-types-shared v0.1.1
  Downloaded percent-encoding v2.3.2
  Downloaded paste v1.0.15
  Downloaded gpu-descriptor-types v0.2.0
  Downloaded pulley-interpreter v27.0.0
  Downloaded quinn-udp v0.5.14
  Downloaded sharded-slab v0.1.7
  Downloaded tower-layer v0.3.3
  Downloaded toml_write v0.1.2
  Downloaded rusqlite v0.31.0
  Downloaded regex-syntax v0.8.9
  Downloaded tracing-log v0.2.0
  Downloaded tiny-skia v0.11.4
  Downloaded unicode-bidi v0.3.18
  Downloaded syn v2.0.115
  Downloaded wasmtime-versioned-export-macros v27.0.0
  Downloaded wgpu-types v23.0.0
  Downloaded zerofrom-derive v0.1.6
  Downloaded zune-core v0.4.12
  Downloaded zstd-safe v7.2.4
  Downloaded tracing v0.1.44
  Downloaded typenum v1.19.0
  Downloaded ttf-parser v0.25.1
  Downloaded wgpu v23.0.1
  Downloaded wayland-protocols-plasma v0.3.10
  Downloaded winch-codegen v27.0.0
  Downloaded linux-raw-sys v0.4.15
  Downloaded wayland-protocols v0.32.10
  Downloaded linux-raw-sys v0.11.0
  Downloaded webpki-roots v1.0.6
  Downloaded wayland-backend v0.3.12
  Downloaded wgpu-core v23.0.1
  Downloaded wgpu-hal v23.0.1
  Downloaded wasmtime-fiber v27.0.0
  Downloaded wasm-encoder v0.219.2
  Downloaded vcpkg v0.2.15
  Downloaded wasmtime-environ v27.0.0
  Downloaded zune-jpeg v0.4.21
  Downloaded winit v0.30.12
  Downloaded wasmparser v0.245.1
  Downloaded zerotrie v0.2.3
  Downloaded x11-dl v2.21.0
  Downloaded zerocopy-derive v0.8.39
  Downloaded xkeysym v0.2.1
  Downloaded zerovec v0.11.5
  Downloaded wit-parser v0.219.2
  Downloaded winnow v0.7.14
  Downloaded x11rb v0.13.2
  Downloaded wasmtime v27.0.0
  Downloaded wasmparser v0.219.2
  Downloaded unicode-width v0.2.2
  Downloaded unicode-width v0.1.14
  Downloaded wasmtime-cranelift v27.0.0
  Downloaded zerocopy v0.8.39
  Downloaded wasmtime-component-macro v27.0.0
  Downloaded url v2.5.8
  Downloaded unicode-segmentation v1.12.0
  Downloaded wasm-encoder v0.245.1
  Downloaded libsqlite3-sys v0.28.0
  Downloaded wast v245.0.1
  Downloaded tree-sitter-rust v0.23.3
  Downloaded libgit2-sys v0.18.3+1.9.2
  Downloaded ttf-parser v0.21.1
  Downloaded ttf-parser v0.20.0
  Downloaded tiff v0.10.3
  Downloaded tree-sitter-python v0.23.6
  Downloaded x11rb-protocol v0.13.2
  Downloaded zstd v0.13.3
  Downloaded zmij v1.0.21
  Downloaded zerovec-derive v0.11.2
  Downloaded zeroize v1.8.2
  Downloaded zeno v0.2.3
  Downloaded yoke v0.8.1
  Downloaded yazi v0.1.6
  Downloaded writeable v0.6.2
  Downloaded tracing-subscriber v0.3.22
  Downloaded zerofrom v0.1.6
  Downloaded yoke-derive v0.8.1
  Downloaded xkbcommon-dl v0.4.2
  Downloaded zstd-sys v2.0.16+zstd.1.5.7
  Downloaded xcursor v0.3.10
  Downloaded weezl v0.1.12
  Downloaded wasmtime-wit-bindgen v27.0.0
  Downloaded tree-sitter-javascript v0.23.1
  Downloaded tree-sitter v0.24.7
  Downloaded tree-sitter v0.20.10
  Downloaded wayland-sys v0.31.8
  Downloaded wayland-scanner v0.31.8
  Downloaded wayland-protocols-wlr v0.3.10
  Downloaded wayland-cursor v0.31.12
  Downloaded wayland-csd-frame v0.3.0
  Downloaded wayland-client v0.31.12
  Downloaded wat v1.245.1
  Downloaded wasmtime-winch v27.0.0
  Downloaded wasmprinter v0.219.2
  Downloaded uuid v1.21.0
  Downloaded unicode-script v0.5.8
  Downloaded unicode-properties v0.1.4
  Downloaded unicode-ident v1.0.23
  Downloaded tokio-util v0.7.18
  Downloaded tokio v1.49.0
  Downloaded wasmtime-slab v27.0.0
  Downloaded wasmtime-jit-icache-coherence v27.0.0
  Downloaded wasmtime-jit-debug v27.0.0
  Downloaded wasmtime-component-util v27.0.0
  Downloaded wasmtime-cache v27.0.0
  Downloaded wasmtime-asm-macros v27.0.0
  Downloaded want v0.3.1
  Downloaded walkdir v2.5.0
  Downloaded version_check v0.9.5
  Downloaded utf8_iter v1.0.4
  Downloaded untrusted v0.9.0
  Downloaded unicode-xid v0.2.6
  Downloaded unicode-linebreak v0.1.5
  Downloaded unicode-ccc v0.2.0
  Downloaded unicode-bidi-mirroring v0.2.0
  Downloaded tower-http v0.6.8
  Downloaded tower v0.5.3
  Downloaded toml_edit v0.22.27
  Downloaded skrifa v0.22.3
  Downloaded swash v0.1.19
  Downloaded smithay-client-toolkit v0.19.2
  Downloaded libz-sys v1.1.23
  Downloaded try-lock v0.2.5
  Downloaded tree-sitter-toml v0.20.0
  Downloaded tree-sitter-language v0.1.7
  Downloaded tree-sitter-json v0.24.8
  Downloaded serde_json v1.0.149
  Downloaded serde v1.0.228
  Downloaded rustybuzz v0.14.1
  Downloaded rustix v1.1.3
  Downloaded rustix v0.38.44
  Downloaded libc v0.2.182
  Downloaded rustls-webpki v0.103.9
  Downloaded rustls v0.23.36
  Downloaded naga v23.1.0
  Downloaded libssh2-sys v0.3.1
  Downloaded tracing-core v0.1.36
  Downloaded tracing-attributes v0.1.31
  Downloaded tower-service v0.3.3
  Downloaded ring v0.17.14
  Downloaded regex-automata v0.4.14
  Downloaded object v0.36.7
  Downloaded nix v0.28.0
  Downloaded nix v0.25.1
  Downloaded read-fonts v0.22.7
  Downloaded openssl v0.10.75
  Downloaded lsp-types v0.97.0
  Downloaded itertools v0.12.1
  Downloaded image v0.25.9
  Downloaded ropey v1.6.1
  Downloaded reqwest v0.12.28
  Downloaded regex v1.12.3
  Downloaded regalloc2 v0.10.2
  Downloaded rayon-core v1.13.0
  Downloaded rayon v1.11.0
  Downloaded rand v0.9.2
  Downloaded moxcms v0.7.11
  Downloaded miniz_oxide v0.8.9
  Downloaded memchr v2.8.0
  Downloaded libm v0.2.16
  Downloaded ittapi-sys v0.4.0
  Downloaded toml_datetime v0.6.11
  Downloaded toml v0.8.23
  Downloaded tokio-rustls v0.26.4
  Downloaded tokio-native-tls v0.3.1
  Downloaded tokio-macros v2.6.0
  Downloaded tinyvec_macros v0.1.1
  Downloaded tinyvec v1.10.0
  Downloaded tinystr v0.8.2
  Downloaded tiny-skia-path v0.11.4
  Downloaded thiserror-impl v2.0.18
  Downloaded thiserror v2.0.18
  Downloaded thiserror v1.0.69
  Downloaded termios v0.2.2
  Downloaded svg_fmt v0.4.5
  Downloaded strict-num v0.1.1
  Downloaded streaming-iterator v0.1.9
  Downloaded str_indices v0.4.4
  Downloaded stable_deref_trait v1.2.1
  Downloaded sptr v0.3.2
  Downloaded spirv v0.3.0+sdk-1.3.268.0
  Downloaded socket2 v0.6.2
  Downloaded smol_str v0.2.2
  Downloaded smallvec v1.15.1
  Downloaded slotmap v1.1.1
  Downloaded slice-group-by v0.3.1
  Downloaded slab v0.4.12
  Downloaded simd-adler32 v0.3.8
  Downloaded signal-hook-registry v1.4.8
  Downloaded shlex v1.3.0
  Downloaded shell-words v1.1.1
  Downloaded sha2 v0.10.9
  Downloaded serial2 v0.2.33
  Downloaded serial-unix v0.4.0
  Downloaded quinn-proto v0.11.13
  Downloaded quinn v0.11.9
  Downloaded pxfm v0.1.27
  Downloaded petgraph v0.6.5
  Downloaded openssl-sys v0.9.111
  Downloaded mio v1.1.1
  Downloaded iri-string v0.7.10
  Downloaded indexmap v2.13.0
  Downloaded idna v1.1.0
  Downloaded icu_properties_data v2.1.2
  Downloaded icu_normalizer v2.1.1
  Downloaded icu_collections v2.1.1
  Downloaded hyper-util v0.1.20
  Downloaded hyper v1.8.1
  Downloaded hashbrown v0.16.1
  Downloaded hashbrown v0.15.5
  Downloaded thread_local v1.1.9
  Downloaded thiserror-impl v1.0.69
  Downloaded termcolor v1.4.1
  Downloaded target-lexicon v0.12.16
  Downloaded sys-locale v0.3.2
  Downloaded synstructure v0.13.2
  Downloaded sync_wrapper v1.0.2
  Downloaded subtle v2.6.1
  Downloaded static_assertions v1.1.0
  Downloaded serial-core v0.4.0
  Downloaded serial v0.4.0
  Downloaded serde_urlencoded v0.7.1
  Downloaded serde_spanned v0.6.9
  Downloaded serde_repr v0.1.20
  Downloaded serde_derive v1.0.228
  Downloaded serde_core v1.0.228
  Downloaded semver v1.0.27
  Downloaded self_cell v1.2.2
  Downloaded sctk-adwaita v0.10.1
  Downloaded scopeguard v1.2.0
  Downloaded scoped-tls v1.0.1
  Downloaded same-file v1.0.6
  Downloaded ryu v1.0.23
  Downloaded rustls-pki-types v1.14.0
  Downloaded rustc-hash v2.1.1
  Downloaded quick-xml v0.38.4
  Downloaded quick-error v2.0.1
  Downloaded png v0.18.0
  Downloaded openssl-probe v0.2.1
  Downloaded once_cell v1.21.3
  Downloaded num-traits v0.2.19
  Downloaded nu-ansi-term v0.50.3
  Downloaded native-tls v0.2.16
  Downloaded memoffset v0.6.5
  Downloaded memmap2 v0.9.9
  Downloaded memfd v0.6.5
  Downloaded log v0.4.29
  Downloaded lock_api v0.4.14
  Downloaded litrs v1.0.0
  Downloaded libloading v0.8.9
  Downloaded leb128 v0.2.5
  Downloaded khronos-egl v6.0.0
  Downloaded icu_normalizer_data v2.1.1
  Downloaded icu_locale_core v2.1.1
  Downloaded rustc-hash v1.1.0
  Downloaded rustc-demangle v0.1.27
  Downloaded roxmltree v0.20.0
  Downloaded renderdoc-sys v1.1.0
  Downloaded raw-window-handle v0.6.2
  Downloaded rangemap v1.7.1
  Downloaded rand_core v0.9.5
  Downloaded rand_chacha v0.9.0
  Downloaded quote v1.0.44
  Downloaded openssl-probe v0.1.6
  Downloaded openssl-macros v0.1.1
  Downloaded mime v0.3.17
  Downloaded lru-slab v0.1.2
  Downloaded lru v0.12.5
  Downloaded litemap v0.8.1
  Downloaded leb128fmt v0.1.0
  Downloaded lazy_static v1.5.0
  Downloaded jobserver v0.1.34
  Downloaded ittapi v0.4.0
  Downloaded itoa v1.0.17
  Downloaded ipnet v2.11.0
  Downloaded ioctl-rs v0.1.6
  Downloaded ignore v0.4.25
  Downloaded idna_adapter v1.2.1
  Downloaded id-arena v2.3.0
  Downloaded icu_provider v2.1.1
  Downloaded icu_properties v2.1.2
  Downloaded iana-time-zone v0.1.65
  Downloaded hyper-tls v0.6.0
  Downloaded hyper-rustls v0.27.7
  Downloaded httparse v1.10.1
  Downloaded http-body-util v0.1.3
  Downloaded http-body v1.0.1
  Downloaded http v1.4.0
  Downloaded hexf-parse v0.2.1
  Downloaded heck v0.5.0
  Downloaded hashlink v0.9.1
  Downloaded hashbrown v0.14.5
  Downloaded h2 v0.4.13
  Downloaded glyphon v0.7.0
  Downloaded glow v0.14.2
  Downloaded git2 v0.20.4
  Downloaded gimli v0.31.1
  Downloaded futures-util v0.3.31
  Downloaded cosmic-text v0.12.1
  Downloaded portable-pty v0.9.0
  Downloaded polling v3.11.0
  Downloaded half v2.7.1
  Downloaded getrandom v0.4.1
  Downloaded getrandom v0.3.4
  Downloaded getrandom v0.2.17
  Downloaded encoding_rs v0.8.35
  Downloaded cranelift-codegen v0.114.0
  Downloaded profiling v1.0.17
  Downloaded proc-macro2 v1.0.106
  Downloaded ppv-lite86 v0.2.21
  Downloaded potential_utf v0.1.4
  Downloaded postcard v1.1.3
  Downloaded portable-pty v0.8.1
  Downloaded pollster v0.4.0
  Downloaded pkg-config v0.3.32
  Downloaded pin-utils v0.1.0
  Downloaded pin-project-lite v0.2.16
  Downloaded gpu-alloc v0.6.0
  Downloaded globset v0.4.18
  Downloaded fxprof-processed-profile v0.6.0
  Downloaded brotli v8.0.2
  Downloaded ash v0.38.0+1.3.281
  Downloaded gpu-descriptor v0.3.2
  Downloaded gpu-alloc-types v0.3.0
  Downloaded gethostname v1.1.0
  Downloaded fxhash v0.2.1
  Downloaded chrono v0.4.43
  Downloaded bstr v1.12.1
  Downloaded brotli-decompressor v5.0.0
  Downloaded parking_lot_core v0.9.12
  Downloaded parking_lot v0.12.5
  Downloaded owned_ttf_parser v0.25.1
  Downloaded futures-task v0.3.31
  Downloaded futures-macro v0.3.31
  Downloaded futures v0.3.31
  Downloaded fontdb v0.16.2
  Downloaded fontconfig-parser v0.5.8
  Downloaded fluent-uri v0.1.4
  Downloaded flate2 v1.1.9
  Downloaded euclid v0.22.13
  Downloaded etagere v0.2.15
  Downloaded displaydoc v0.2.5
  Downloaded crossbeam-epoch v0.9.18
  Downloaded crc32fast v1.5.0
  Downloaded cranelift-isle v0.114.0
  Downloaded cranelift-frontend v0.114.0
  Downloaded cranelift-codegen-meta v0.114.0
  Downloaded cpp_demangle v0.4.5
  Downloaded codespan-reporting v0.11.1
  Downloaded cc v1.2.56
  Downloaded calloop v0.13.0
  Downloaded bytes v1.11.1
  Downloaded bumpalo v3.19.1
  Downloaded bitflags v2.11.0
  Downloaded bit-vec v0.8.0
  Downloaded base64 v0.22.1
  Downloaded base64 v0.21.7
  Downloaded autocfg v1.5.0
  Downloaded async-trait v0.1.89
  Downloaded aho-corasick v1.1.4
  Downloaded generic-array v0.14.7
  Downloaded futures-sink v0.3.31
  Downloaded futures-io v0.3.31
  Downloaded futures-executor v0.3.31
  Downloaded futures-core v0.3.31
  Downloaded futures-channel v0.3.31
  Downloaded font-types v0.7.3
  Downloaded foldhash v0.1.5
  Downloaded fixedbitset v0.4.2
  Downloaded find-msvc-tools v0.1.9
  Downloaded fdeflate v0.3.7
  Downloaded fallible-iterator v0.3.0
  Downloaded embedded-io v0.6.1
  Downloaded either v1.15.0
  Downloaded digest v0.10.7
  Downloaded crossbeam-utils v0.8.21
  Downloaded crossbeam-deque v0.8.6
  Downloaded cranelift-entity v0.114.0
  Downloaded bytemuck_derive v1.10.2
  Downloaded bitflags v1.3.2
  Downloaded bit-set v0.8.0
  Downloaded atomic-waker v1.1.2
  Downloaded async-compression v0.4.39
  Downloaded foreign-types v0.3.2
  Downloaded fnv v1.0.7
  Downloaded filedescriptor v0.8.3
  Downloaded fax_derive v0.2.0
  Downloaded fax v0.2.6
  Downloaded fallible-streaming-iterator v0.1.9
  Downloaded errno v0.3.14
  Downloaded equivalent v1.0.2
  Downloaded embedded-io v0.4.0
  Downloaded dpi v0.1.2
  Downloaded document-features v0.2.12
  Downloaded dirs-sys-next v0.1.2
  Downloaded dirs-next v2.0.0
  Downloaded debugid v0.8.0
  Downloaded crypto-common v0.1.7
  Downloaded cranelift-codegen-shared v0.114.0
  Downloaded cranelift-bforest v0.114.0
  Downloaded compression-codecs v0.4.36
  Downloaded byteorder v1.5.0
  Downloaded cranelift-control v0.114.0
  Downloaded cfg_aliases v0.1.1
  Downloaded cfg-if v1.0.4
  Downloaded downcast-rs v1.2.1
  Downloaded directories-next v2.0.0
  Downloaded cursor-icon v1.2.0
  Downloaded cranelift-native v0.114.0
  Downloaded cranelift-bitset v0.114.0
  Downloaded cpufeatures v0.2.17
  Downloaded compression-core v0.4.31
  Downloaded cobs v0.3.0
  Downloaded cfg_aliases v0.2.1
  Downloaded calloop-wayland-source v0.3.0
  Downloaded byteorder-lite v0.1.0
  Downloaded bytemuck v1.25.0
  Downloaded block-buffer v0.10.4
  Downloaded anyhow v1.0.101
  Downloaded ahash v0.8.12
  Downloaded addr2line v0.24.2
  Downloaded arboard v3.6.1
  Downloaded arbitrary v1.4.2
  Downloaded adler2 v2.0.1
  Downloaded ab_glyph v0.2.32
  Downloaded alloc-stdlib v0.2.2
  Downloaded alloc-no-stdlib v2.0.4
  Downloaded ab_glyph_rasterizer v0.1.10
   Compiling proc-macro2 v1.0.106
   Compiling unicode-ident v1.0.23
   Compiling quote v1.0.44
   Compiling serde_core v1.0.228
    Checking cfg-if v1.0.4
   Compiling libc v0.2.182
   Compiling find-msvc-tools v0.1.9
   Compiling shlex v1.3.0
   Compiling jobserver v0.1.34
   Compiling syn v2.0.115
   Compiling cc v1.2.56
   Compiling serde v1.0.228
    Checking bitflags v2.11.0
    Checking once_cell v1.21.3
   Compiling pkg-config v0.3.32
    Checking log v0.4.29
   Compiling version_check v0.9.5
    Checking memchr v2.8.0
    Checking hashbrown v0.16.1
    Checking equivalent v1.0.2
   Compiling anyhow v1.0.101
   Compiling zerocopy v0.8.39
   Compiling vcpkg v0.2.15
    Checking indexmap v2.13.0
   Compiling parking_lot_core v0.9.12
    Checking scopeguard v1.2.0
    Checking itoa v1.0.17
    Checking pin-project-lite v0.2.16
    Checking lock_api v0.4.14
    Checking libloading v0.8.9
   Compiling zmij v1.0.21
    Checking stable_deref_trait v1.2.1
   Compiling thiserror v1.0.69
   Compiling rustix v1.1.3
   Compiling serde_json v1.0.149
    Checking linux-raw-sys v0.11.0
   Compiling openssl-sys v0.9.111
   Compiling getrandom v0.3.4
    Checking bytes v1.11.1
   Compiling cfg_aliases v0.1.1
   Compiling synstructure v0.13.2
   Compiling ahash v0.8.12
   Compiling thiserror v2.0.18
   Compiling autocfg v1.5.0
    Checking errno v0.3.14
   Compiling serde_derive v1.0.228
   Compiling zerofrom-derive v0.1.6
    Checking zerofrom v0.1.6
   Compiling yoke-derive v0.8.1
   Compiling thiserror-impl v1.0.69
    Checking yoke v0.8.1
   Compiling zerovec-derive v0.11.2
   Compiling bytemuck_derive v1.10.2
    Checking smallvec v1.15.1
   Compiling displaydoc v0.2.5
    Checking zerovec v0.11.5
    Checking parking_lot v0.12.5
   Compiling thiserror-impl v2.0.18
   Compiling crc32fast v1.5.0
    Checking slab v0.4.12
   Compiling tokio-macros v2.6.0
    Checking signal-hook-registry v1.4.8
    Checking bytemuck v1.25.0
    Checking mio v1.1.1
    Checking socket2 v0.6.2
    Checking futures-core v0.3.31
    Checking downcast-rs v1.2.1
    Checking percent-encoding v2.3.2
    Checking tokio v1.49.0
    Checking tinystr v0.8.2
    Checking tracing-core v0.1.36
    Checking litemap v0.8.1
    Checking writeable v0.6.2
   Compiling tree-sitter-language v0.1.7
    Checking icu_locale_core v2.1.1
    Checking hashbrown v0.14.5
    Checking potential_utf v0.1.4
    Checking zerotrie v0.2.3
    Checking pin-utils v0.1.0
   Compiling icu_properties_data v2.1.2
    Checking futures-sink v0.3.31
   Compiling icu_normalizer_data v2.1.1
    Checking icu_provider v2.1.1
    Checking icu_collections v2.1.1
   Compiling tracing-attributes v0.1.31
    Checking dlib v0.5.2
   Compiling wayland-sys v0.31.8
   Compiling crossbeam-utils v0.8.21
    Checking foldhash v0.1.5
    Checking hashbrown v0.15.5
    Checking tracing v0.1.44
   Compiling wayland-backend v0.3.12
    Checking termcolor v1.4.1
   Compiling rustix v0.38.44
    Checking icu_properties v2.1.2
    Checking icu_normalizer v2.1.1
    Checking futures-channel v0.3.31
   Compiling num-traits v0.2.19
   Compiling libz-sys v1.1.23
    Checking aho-corasick v1.1.4
    Checking simd-adler32 v0.3.8
    Checking linux-raw-sys v0.4.15
    Checking regex-syntax v0.8.9
   Compiling typenum v1.19.0
    Checking scoped-tls v1.0.1
    Checking idna_adapter v1.2.1
    Checking crossbeam-epoch v0.9.18
    Checking form_urlencoded v1.2.2
   Compiling quick-xml v0.38.4
   Compiling futures-macro v0.3.31
    Checking regex-automata v0.4.14
    Checking http v1.4.0
   Compiling generic-array v0.14.7
    Checking utf8_iter v1.0.4
    Checking futures-io v0.3.31
    Checking adler2 v2.0.1
    Checking futures-task v0.3.31
   Compiling wayland-client v0.31.12
   Compiling cranelift-isle v0.114.0
    Checking futures-util v0.3.31
    Checking miniz_oxide v0.8.9
    Checking idna v1.1.0
   Compiling wayland-scanner v0.31.8
    Checking crossbeam-deque v0.8.6
    Checking cranelift-bitset v0.114.0
   Compiling wasmtime-versioned-export-macros v27.0.0
   Compiling ring v0.17.14
   Compiling libssh2-sys v0.3.1
    Checking dirs-sys-next v0.1.2
   Compiling cranelift-codegen-shared v0.114.0
    Checking arrayvec v0.7.6
   Compiling target-lexicon v0.12.16
   Compiling cranelift-codegen-meta v0.114.0
    Checking cranelift-entity v0.114.0
    Checking url v2.5.8
    Checking flate2 v1.1.9
    Checking http-body v1.0.1
    Checking tokio-util v0.7.18
    Checking gimli v0.31.1
   Compiling zstd-sys v2.0.16+zstd.1.5.7
   Compiling httparse v1.10.1
    Checking rustc-hash v2.1.1
    Checking either v1.15.0
    Checking alloc-no-stdlib v2.0.4
   Compiling libm v0.2.16
    Checking bumpalo v3.19.1
    Checking zeroize v1.8.2
   Compiling getrandom v0.4.1
   Compiling rayon-core v1.13.0
    Checking rustls-pki-types v1.14.0
    Checking alloc-stdlib v0.2.2
   Compiling cranelift-codegen v0.114.0
    Checking regex v1.12.3
    Checking serde_spanned v0.6.9
    Checking toml_datetime v0.6.11
   Compiling naga v23.1.0
   Compiling libgit2-sys v0.18.3+1.9.2
    Checking getrandom v0.2.17
    Checking memmap2 v0.9.9
    Checking tower-service v0.3.3
    Checking slice-group-by v0.3.1
    Checking winnow v0.7.14
   Compiling object v0.36.7
    Checking try-lock v0.2.5
    Checking fnv v1.0.7
    Checking unicode-width v0.1.14
    Checking rustc-hash v1.1.0
    Checking atomic-waker v1.1.2
    Checking untrusted v0.9.0
    Checking arbitrary v1.4.2
   Compiling openssl v0.10.75
   Compiling ash v0.38.0+1.3.281
   Compiling khronos-egl v6.0.0
    Checking toml_write v0.1.2
    Checking bit-vec v0.8.0
    Checking foreign-types-shared v0.1.1
    Checking foreign-types v0.3.2
    Checking bit-set v0.8.0
    Checking toml_edit v0.22.27
    Checking cranelift-control v0.114.0
    Checking h2 v0.4.13
    Checking codespan-reporting v0.11.1
    Checking want v0.3.1
    Checking regalloc2 v0.10.2
    Checking brotli-decompressor v5.0.0
    Checking crypto-common v0.1.7
    Checking block-buffer v0.10.4
    Checking cranelift-bforest v0.114.0
    Checking cobs v0.3.0
    Checking font-types v0.7.3
   Compiling openssl-macros v0.1.1
   Compiling wgpu-hal v23.0.1
   Compiling slotmap v1.1.1
    Checking gpu-descriptor-types v0.2.0
    Checking gpu-alloc-types v0.3.0
    Checking spirv v0.3.0+sdk-1.3.268.0
    Checking semver v1.0.27
    Checking encoding_rs v0.8.35
   Compiling rustls v0.23.36
   Compiling native-tls v0.2.16
   Compiling cpp_demangle v0.4.5
    Checking bitflags v1.3.2
    Checking raw-window-handle v0.6.2
    Checking unicode-xid v0.2.6
    Checking hexf-parse v0.2.1
   Compiling zstd-safe v7.2.4
   Compiling wasmparser v0.219.2
    Checking gpu-alloc v0.6.0
    Checking gpu-descriptor v0.3.2
    Checking read-fonts v0.22.7
    Checking postcard v1.1.3
    Checking digest v0.10.7
    Checking rayon v1.11.0
    Checking uuid v1.21.0
    Checking brotli v8.0.2
    Checking hyper v1.8.1
    Checking rustls-webpki v0.103.9
    Checking toml v0.8.23
    Checking wayland-protocols v0.32.10
    Checking filedescriptor v0.8.3
    Checking polling v3.11.0
   Compiling memoffset v0.6.5
   Compiling wgpu-core v23.0.1
   Compiling nix v0.28.0
   Compiling libsqlite3-sys v0.28.0
   Compiling ittapi-sys v0.4.0
   Compiling tree-sitter-rust v0.23.3
   Compiling tree-sitter v0.24.7
    Checking wgpu-types v23.0.0
    Checking openssl-probe v0.1.6
    Checking tinyvec_macros v0.1.1
   Compiling litrs v1.0.0
    Checking shell-words v1.1.1
    Checking cpufeatures v0.2.17
    Checking subtle v2.6.1
    Checking openssl-probe v0.2.1
    Checking renderdoc-sys v1.1.0
    Checking leb128 v0.2.5
    Checking roxmltree v0.20.0
    Checking base64 v0.22.1
   Compiling id-arena v2.3.0
    Checking ipnet v2.11.0
    Checking leb128fmt v0.1.0
    Checking profiling v1.0.17
    Checking glow v0.14.2
    Checking compression-core v0.4.31
    Checking compression-codecs v0.4.36
    Checking wasm-encoder v0.245.1
   Compiling wit-parser v0.219.2
    Checking hyper-util v0.1.20
    Checking fontconfig-parser v0.5.8
    Checking wasm-encoder v0.219.2
    Checking sha2 v0.10.9
   Compiling document-features v0.2.12
    Checking tinyvec v1.10.0
    Checking calloop v0.13.0
    Checking skrifa v0.22.3
    Checking wasmprinter v0.219.2
    Checking http-body-util v0.1.3
    Checking dirs-next v2.0.0
   Compiling wasmtime-fiber v27.0.0
    Checking sync_wrapper v1.0.2
   Compiling wgpu v23.0.1
   Compiling tree-sitter v0.20.10
    Checking serial-core v0.4.0
    Checking ioctl-rs v0.1.6
    Checking termios v0.2.2
    Checking ttf-parser v0.20.0
    Checking xkeysym v0.2.1
    Checking yazi v0.1.6
    Checking ttf-parser v0.25.1
    Checking strict-num v0.1.1
    Checking unicode-width v0.2.2
   Compiling smithay-client-toolkit v0.19.2
    Checking rustc-demangle v0.1.27
    Checking unicode-ccc v0.2.0
   Compiling wasmtime-component-macro v27.0.0
   Compiling heck v0.5.0
    Checking zeno v0.2.3
    Checking ttf-parser v0.21.1
    Checking xcursor v0.3.10
    Checking unicode-properties v0.1.4
    Checking cursor-icon v1.2.0
    Checking arrayref v0.3.9
    Checking tower-layer v0.3.3
   Compiling wasmtime-cache v27.0.0
    Checking wasmtime-component-util v27.0.0
    Checking unicode-bidi-mirroring v0.2.0
   Compiling paste v1.0.15
    Checking byteorder v1.5.0
    Checking unicode-script v0.5.8
    Checking unicode-segmentation v1.12.0
    Checking streaming-iterator v0.1.9
    Checking rustybuzz v0.14.1
    Checking fxhash v0.2.1
    Checking wasmtime-environ v27.0.0
    Checking tower v0.5.3
    Checking tiny-skia-path v0.11.4
    Checking wayland-csd-frame v0.3.0
    Checking wayland-cursor v0.31.12
    Checking owned_ttf_parser v0.25.1
    Checking swash v0.1.19
   Compiling wasmtime-wit-bindgen v27.0.0
    Checking wast v245.0.1
    Checking fontdb v0.16.2
    Checking serial-unix v0.4.0
    Checking zstd v0.13.3
    Checking calloop-wayland-source v0.3.0
    Checking git2 v0.20.4
    Checking tokio-rustls v0.26.4
    Checking tokio-native-tls v0.3.1
    Checking async-compression v0.4.39
    Checking wayland-protocols-wlr v0.3.10
    Checking debugid v0.8.0
    Checking cranelift-native v0.114.0
    Checking cranelift-frontend v0.114.0
    Checking webpki-roots v1.0.6
    Checking itertools v0.12.1
    Checking directories-next v2.0.0
   Compiling wasmtime v27.0.0
    Checking pxfm v0.1.27
    Checking fdeflate v0.3.7
    Checking hashlink v0.9.1
    Checking gethostname v1.1.0
   Compiling async-trait v0.1.89
    Checking bstr v1.12.1
   Compiling tree-sitter-javascript v0.23.1
   Compiling tree-sitter-python v0.23.6
   Compiling tree-sitter-json v0.24.8
   Compiling tree-sitter-toml v0.20.0
   Compiling x11-dl v2.21.0
    Checking serial2 v0.2.33
    Checking wasmtime-asm-macros v27.0.0
    Checking ab_glyph_rasterizer v0.1.10
    Checking ryu v1.0.23
    Checking x11rb-protocol v0.13.2
    Checking as-raw-xcb-connection v1.0.1
    Checking base64 v0.21.7
    Checking sys-locale v0.3.2
    Checking self_cell v1.2.2
    Checking fallible-streaming-iterator v0.1.9
   Compiling cfg_aliases v0.2.1
    Checking static_assertions v1.1.0
    Checking unicode-linebreak v0.1.5
    Checking same-file v1.0.6
    Checking iri-string v0.7.10
    Checking unicode-bidi v0.3.18
    Checking fallible-iterator v0.3.0
    Checking str_indices v0.4.4
    Checking rangemap v1.7.1
    Checking cosmic-text v0.12.1
    Checking tower-http v0.6.8
    Checking ropey v1.6.1
    Checking walkdir v2.5.0
   Compiling winit v0.30.12
    Checking moxcms v0.7.11
    Checking rusqlite v0.31.0
    Checking serde_urlencoded v0.7.1
    Checking portable-pty v0.9.0
    Checking ab_glyph v0.2.32
    Checking globset v0.4.18
    Checking wasmtime-cranelift v27.0.0
    Checking png v0.18.0
    Checking hyper-rustls v0.27.7
    Checking fxprof-processed-profile v0.6.0
    Checking hyper-tls v0.6.0
    Checking ittapi v0.4.0
    Checking nix v0.25.1
    Checking wat v1.245.1
    Checking serial v0.4.0
    Checking tiny-skia v0.11.4
    Checking wasmtime-jit-debug v27.0.0
    Checking fluent-uri v0.1.4
    Checking addr2line v0.24.2
    Checking futures-executor v0.3.31
    Checking euclid v0.22.13
    Checking x11rb v0.13.2
    Checking memfd v0.6.5
   Compiling serde_repr v0.1.20
    Checking wasmtime-jit-icache-coherence v27.0.0
    Checking fixedbitset v0.4.2
    Checking mime v0.3.17
    Checking lazy_static v1.5.0
    Checking wasmtime-slab v27.0.0
    Checking sptr v0.3.2
    Checking byteorder-lite v0.1.0
    Checking iana-time-zone v0.1.65
    Checking svg_fmt v0.4.5
    Checking image v0.25.9
    Checking etagere v0.2.15
    Checking chrono v0.4.43
    Checking portable-pty v0.8.1
    Checking reqwest v0.12.28
    Checking sharded-slab v0.1.7
    Checking petgraph v0.6.5
    Checking lsp-types v0.97.0
    Checking futures v0.3.31
    Checking sctk-adwaita v0.10.1
    Checking ignore v0.4.25
    Checking forge-core v0.1.0 (/app/crates/forge-core)
    Checking forge-confidence v0.1.0 (/app/crates/forge-confidence)
    Checking xkbcommon-dl v0.4.2
    Checking wayland-protocols-plasma v0.3.10
    Checking tracing-log v0.2.0
    Checking thread_local v1.1.9
    Checking lru v0.12.5
    Checking dpi v0.1.2
    Checking smol_str v0.2.2
    Checking nu-ansi-term v0.50.3
    Checking tracing-subscriber v0.3.22
    Checking glyphon v0.7.0
    Checking forge-propagation v0.1.0 (/app/crates/forge-propagation)
    Checking forge-renderer v0.1.0 (/app/crates/forge-renderer)
    Checking forge-syntax v0.1.0 (/app/crates/forge-syntax)
    Checking forge-search v0.1.0 (/app/crates/forge-search)
    Checking forge-agent v0.1.0 (/app/crates/forge-agent)
    Checking arboard v3.6.1
    Checking forge-plugin v0.1.0 (/app/crates/forge-plugin)
    Checking forge-immune v0.1.0 (/app/crates/forge-immune)
    Checking forge-terminal v0.1.0 (/app/crates/forge-terminal)
    Checking forge-config v0.1.0 (/app/crates/forge-config)
    Checking forge-anticipation v0.1.0 (/app/crates/forge-anticipation)
    Checking forge-debug v0.1.0 (/app/crates/forge-debug)
    Checking forge-theme v0.1.0 (/app/crates/forge-theme)
    Checking pollster v0.4.0
    Checking forge-icons v0.1.0 (/app/crates/forge-icons)
    Checking forge-lsp v0.1.0 (/app/crates/forge-lsp)
    Checking forge-app v0.1.0 (/app/crates/forge-app)
error[E0599]: no function or associated item named `antigravity` found for struct `forge_theme::Theme` in the current scope
   --> crates/forge-app/src/application.rs:242:41
    |
242 |         let theme = forge_theme::Theme::antigravity();
    |                                         ^^^^^^^^^^^ function or associated item not found in `forge_theme::Theme`
    |
note: if you're trying to build a new `forge_theme::Theme` consider using one of the following associated functions:
      forge_theme::Theme::default_dark
      forge_theme::Theme::default_light
   --> /app/crates/forge-theme/src/lib.rs:32:5
    |
 32 |     pub fn default_dark() -> Self {
    |     ^^^^^^^^^^^^^^^^^^^^^^^^^^^^^
...
 35 |     pub fn default_light() -> Self {
    |     ^^^^^^^^^^^^^^^^^^^^^^^^^^^^^^

warning: variable does not need to be mutable
   --> crates/forge-app/src/application.rs:357:13
    |
357 |         let mut file_explorer = crate::file_explorer::FileExplorer::new();
    |             ----^^^^^^^^^^^^^
    |             |
    |             help: remove this `mut`
    |
    = note: `#[warn(unused_mut)]` (part of `#[warn(unused)]`) on by default

For more information about this error, try `rustc --explain E0599`.
warning: `forge-app` (bin "forge") generated 1 warning
error: could not compile `forge-app` (bin "forge") due to 1 previous error; 1 warning emitted
