    Checking serde_json v1.0.149
    Checking num-bigint v0.4.6
    Checking url v2.5.8
   Compiling ahash v0.8.12
   Compiling hashbrown v0.14.5
    Checking debugid v0.8.0
   Compiling fslock v0.2.1
    Checking git2 v0.20.4
   Compiling wasmparser v0.219.2
   Compiling v8 v0.89.0
    Checking num-rational v0.4.2
    Checking av1-grain v0.2.5
    Checking av-scenechange v0.14.1
    Checking rav1e v0.8.1
    Checking sourcemap v7.1.1
    Checking serde_v8 v0.181.0
    Checking fxprof-processed-profile v0.6.0
    Checking deno_unsync v0.3.10
    Checking bincode v1.3.3
    Checking reqwest v0.12.28
    Checking deno_core v0.272.0
    Checking lsp-types v0.97.0
    Checking ravif v0.12.0
    Checking image v0.25.9
   Compiling wit-parser v0.219.2
    Checking forge-core v0.1.0 (/app/crates/forge-core)
    Checking forge-confidence v0.1.0 (/app/crates/forge-confidence)
    Checking forge-renderer v0.1.0 (/app/crates/forge-renderer)
    Checking arboard v3.6.1
    Checking forge-propagation v0.1.0 (/app/crates/forge-propagation)
    Checking forge-test-tools v0.1.0 (/app/crates/forge-test-tools)
warning: unused import: `Pixel`
 --> crates/forge-test-tools/src/screenshot.rs:1:24
  |
1 | use image::{RgbaImage, Pixel};
  |                        ^^^^^
  |
  = note: `#[warn(unused_imports)]` (part of `#[warn(unused)]`) on by default

warning: unused imports: `ElementState` and `MouseButton`
 --> crates/forge-test-tools/src/input_sim.rs:1:20
  |
1 | use winit::event::{ElementState, MouseButton, WindowEvent};
  |                    ^^^^^^^^^^^^  ^^^^^^^^^^^

    Checking forge-extension-host v0.1.0 (/app/crates/forge-extension-host)
warning: `forge-test-tools` (lib) generated 2 warnings (run `cargo fix --lib -p forge-test-tools` to apply 2 suggestions)
    Checking forge-immune v0.1.0 (/app/crates/forge-immune)
    Checking forge-agent v0.1.0 (/app/crates/forge-agent)
    Checking forge-anticipation v0.1.0 (/app/crates/forge-anticipation)
    Checking forge-debug v0.1.0 (/app/crates/forge-debug)
    Checking forge-theme v0.1.0 (/app/crates/forge-theme)
   Compiling wasmtime-wit-bindgen v27.0.0
   Compiling wasmtime-component-macro v27.0.0
    Checking forge-lsp v0.1.0 (/app/crates/forge-lsp)
    Checking wasmtime v27.0.0
    Checking forge-plugin v0.1.0 (/app/crates/forge-plugin)
    Checking forge-app v0.1.0 (/app/crates/forge-app)
warning: variable does not need to be mutable
   --> crates/forge-app/src/application.rs:366:13
    |
366 |         let mut file_explorer = crate::file_explorer::FileExplorer::new();
    |             ----^^^^^^^^^^^^^
    |             |
    |             help: remove this `mut`
    |
    = note: `#[warn(unused_mut)]` (part of `#[warn(unused)]`) on by default

warning: `forge-app` (bin "forge") generated 1 warning (run `cargo fix --bin "forge" -p forge-app` to apply 1 suggestion)
    Finished `dev` profile [optimized + debuginfo] target(s) in 34.30s
