   Compiling proc-macro2 v1.0.106
   Compiling quote v1.0.44
   Compiling ahash v0.8.12
    Checking once_cell v1.21.3
   Compiling libsqlite3-sys v0.28.0
   Compiling libc v0.2.182
    Checking getrandom v0.4.1
    Checking smallvec v1.15.1
    Checking serde_json v1.0.149
    Checking uuid v1.21.0
    Checking hashbrown v0.14.5
   Compiling syn v2.0.115
    Checking hashlink v0.9.1
   Compiling serde_derive v1.0.228
    Checking serde v1.0.228
    Checking rusqlite v0.31.0
    Checking forge-semantic v0.1.0 (/app/crates/forge-semantic)
warning: unused import: `Context`
 --> crates/forge-semantic/src/lib.rs:1:14
  |
1 | use anyhow::{Context, Result};
  |              ^^^^^^^
  |
  = note: `#[warn(unused_imports)]` (part of `#[warn(unused)]`) on by default

warning: `forge-semantic` (lib) generated 1 warning (run `cargo fix --lib -p forge-semantic` to apply 1 suggestion)
    Finished `dev` profile [optimized + debuginfo] target(s) in 50.13s
