warning: unused import: `Pixel`
 --> crates/forge-test-tools/src/screenshot.rs:1:24
  |
1 | use image::{RgbaImage, Pixel};
  |                        ^^^^^
  |
  = note: `#[warn(unused_imports)]` (part of `#[warn(unused)]`) on by default

warning: unused imports: `ElementState` and `MouseButton`
 --> crates/forge-test-tools/src/input_sim.rs:1:20
  |
1 | use winit::event::{ElementState, MouseButton, WindowEvent};
  |                    ^^^^^^^^^^^^  ^^^^^^^^^^^

warning: `forge-test-tools` (lib) generated 2 warnings (run `cargo fix --lib -p forge-test-tools` to apply 2 suggestions)
   Compiling forge-icons v0.1.0 (/app/crates/forge-icons)
   Compiling forge-app v0.1.0 (/app/crates/forge-app)
warning: variable does not need to be mutable
   --> crates/forge-app/src/application.rs:365:13
    |
365 |         let mut file_explorer = crate::file_explorer::FileExplorer::new();
    |             ----^^^^^^^^^^^^^
    |             |
    |             help: remove this `mut`
    |
    = note: `#[warn(unused_mut)]` (part of `#[warn(unused)]`) on by default

warning: `forge-app` (bin "forge") generated 1 warning (run `cargo fix --bin "forge" -p forge-app` to apply 1 suggestion)
    Finished `dev` profile [optimized + debuginfo] target(s) in 46.16s
     Running `target/debug/forge --screenshot screenshot_icons.png`
[2m2026-02-14T17:16:27.312158Z[0m [32m INFO[0m [2mforge[0m[2m:[0m 🔥 Forge Editor starting...
[2m2026-02-14T17:16:27.333039Z[0m [33m WARN[0m [2mwinit::platform_impl::linux::x11::xdisplay[0m[2m:[0m error setting XSETTINGS; Xft options won't reload automatically
[2m2026-02-14T17:16:27.421233Z[0m [32m INFO[0m [2mforge::application[0m[2m:[0m Plugin runtime initialized (WASM)
[2m2026-02-14T17:16:27.422516Z[0m [32m INFO[0m [2mforge_lsp::server[0m[2m:[0m Spawning LSP server: rust-analyzer []
[2m2026-02-14T17:16:27.423966Z[0m [32m INFO[0m [2mforge::application[0m[2m:[0m LSP: rust-analyzer spawned
[2m2026-02-14T17:16:27.424479Z[0m [33m WARN[0m [2mwinit::platform_impl::linux::x11::util::randr[0m[2m:[0m XRandR reported that the display's 0mm in size, which is certifiably insane
[2m2026-02-14T17:16:27.424547Z[0m [32m INFO[0m [2mwinit::platform_impl::linux::x11::window[0m[2m:[0m Guessed window scale factor: 1
[2m2026-02-14T17:16:27.435535Z[0m [33m WARN[0m [2mwgpu_hal::vulkan::instance[0m[2m:[0m Unable to find extension: VK_KHR_surface
[2m2026-02-14T17:16:27.435567Z[0m [33m WARN[0m [2mwgpu_hal::vulkan::instance[0m[2m:[0m Unable to find extension: VK_KHR_xlib_surface
[2m2026-02-14T17:16:27.435572Z[0m [33m WARN[0m [2mwgpu_hal::vulkan::instance[0m[2m:[0m Unable to find extension: VK_KHR_xcb_surface
[2m2026-02-14T17:16:27.435577Z[0m [33m WARN[0m [2mwgpu_hal::vulkan::instance[0m[2m:[0m Unable to find extension: VK_KHR_wayland_surface
[2m2026-02-14T17:16:27.435599Z[0m [33m WARN[0m [2mwgpu_hal::vulkan::instance[0m[2m:[0m Unable to find extension: VK_EXT_swapchain_colorspace
[2m2026-02-14T17:16:27.435608Z[0m [33m WARN[0m [2mwgpu_hal::vulkan::instance[0m[2m:[0m Unable to find extension: VK_KHR_get_physical_device_properties2
[2m2026-02-14T17:16:27.437128Z[0m [33m WARN[0m [2mwgpu_hal::vulkan::instance[0m[2m:[0m InstanceFlags::VALIDATION requested, but unable to find layer: VK_LAYER_KHRONOS_validation
[2m2026-02-14T17:16:27.441810Z[0m [32m INFO[0m [2mwgpu_hal::vulkan::instance[0m[2m:[0m GENERAL [Loader Message (0x0)]
	Searching for implicit layer manifest files
[2m2026-02-14T17:16:27.441850Z[0m [32m INFO[0m [2mwgpu_hal::vulkan::instance[0m[2m:[0m 	objects: (type: INSTANCE, hndl: 0x55ca2bd289e0, name: ?)
[2m2026-02-14T17:16:27.441863Z[0m [32m INFO[0m [2mwgpu_hal::vulkan::instance[0m[2m:[0m GENERAL [Loader Message (0x0)]
	   In following locations:
[2m2026-02-14T17:16:27.441875Z[0m [32m INFO[0m [2mwgpu_hal::vulkan::instance[0m[2m:[0m 	objects: (type: INSTANCE, hndl: 0x55ca2bd289e0, name: ?)
[2m2026-02-14T17:16:27.441901Z[0m [32m INFO[0m [2mwgpu_hal::vulkan::instance[0m[2m:[0m GENERAL [Loader Message (0x0)]
	      /home/jules/.config/vulkan/implicit_layer.d
[2m2026-02-14T17:16:27.441924Z[0m [32m INFO[0m [2mwgpu_hal::vulkan::instance[0m[2m:[0m 	objects: (type: INSTANCE, hndl: 0x55ca2bd289e0, name: ?)
[2m2026-02-14T17:16:27.441930Z[0m [32m INFO[0m [2mwgpu_hal::vulkan::instance[0m[2m:[0m GENERAL [Loader Message (0x0)]
	      /etc/xdg/vulkan/implicit_layer.d
[2m2026-02-14T17:16:27.441935Z[0m [32m INFO[0m [2mwgpu_hal::vulkan::instance[0m[2m:[0m 	objects: (type: INSTANCE, hndl: 0x55ca2bd289e0, name: ?)
[2m2026-02-14T17:16:27.441940Z[0m [32m INFO[0m [2mwgpu_hal::vulkan::instance[0m[2m:[0m GENERAL [Loader Message (0x0)]
	      /etc/vulkan/implicit_layer.d
[2m2026-02-14T17:16:27.441944Z[0m [32m INFO[0m [2mwgpu_hal::vulkan::instance[0m[2m:[0m 	objects: (type: INSTANCE, hndl: 0x55ca2bd289e0, name: ?)
[2m2026-02-14T17:16:27.441948Z[0m [32m INFO[0m [2mwgpu_hal::vulkan::instance[0m[2m:[0m GENERAL [Loader Message (0x0)]
	      /home/jules/.local/share/vulkan/implicit_layer.d
[2m2026-02-14T17:16:27.441952Z[0m [32m INFO[0m [2mwgpu_hal::vulkan::instance[0m[2m:[0m 	objects: (type: INSTANCE, hndl: 0x55ca2bd289e0, name: ?)
[2m2026-02-14T17:16:27.441994Z[0m [32m INFO[0m [2mwgpu_hal::vulkan::instance[0m[2m:[0m GENERAL [Loader Message (0x0)]
	      /usr/local/share/vulkan/implicit_layer.d
[2m2026-02-14T17:16:27.442004Z[0m [32m INFO[0m [2mwgpu_hal::vulkan::instance[0m[2m:[0m 	objects: (type: INSTANCE, hndl: 0x55ca2bd289e0, name: ?)
[2m2026-02-14T17:16:27.442011Z[0m [32m INFO[0m [2mwgpu_hal::vulkan::instance[0m[2m:[0m GENERAL [Loader Message (0x0)]
	      /usr/share/vulkan/implicit_layer.d
[2m2026-02-14T17:16:27.442016Z[0m [32m INFO[0m [2mwgpu_hal::vulkan::instance[0m[2m:[0m 	objects: (type: INSTANCE, hndl: 0x55ca2bd289e0, name: ?)
[2m2026-02-14T17:16:27.442052Z[0m [32m INFO[0m [2mwgpu_hal::vulkan::instance[0m[2m:[0m GENERAL [Loader Message (0x0)]
	   Found no files
[2m2026-02-14T17:16:27.442077Z[0m [32m INFO[0m [2mwgpu_hal::vulkan::instance[0m[2m:[0m 	objects: (type: INSTANCE, hndl: 0x55ca2bd289e0, name: ?)
[2m2026-02-14T17:16:27.442095Z[0m [32m INFO[0m [2mwgpu_hal::vulkan::instance[0m[2m:[0m GENERAL [Loader Message (0x0)]
	Searching for explicit layer manifest files
[2m2026-02-14T17:16:27.442101Z[0m [32m INFO[0m [2mwgpu_hal::vulkan::instance[0m[2m:[0m 	objects: (type: INSTANCE, hndl: 0x55ca2bd289e0, name: ?)
[2m2026-02-14T17:16:27.442106Z[0m [32m INFO[0m [2mwgpu_hal::vulkan::instance[0m[2m:[0m GENERAL [Loader Message (0x0)]
	   In following locations:
[2m2026-02-14T17:16:27.442110Z[0m [32m INFO[0m [2mwgpu_hal::vulkan::instance[0m[2m:[0m 	objects: (type: INSTANCE, hndl: 0x55ca2bd289e0, name: ?)
[2m2026-02-14T17:16:27.442114Z[0m [32m INFO[0m [2mwgpu_hal::vulkan::instance[0m[2m:[0m GENERAL [Loader Message (0x0)]
	      /home/jules/.config/vulkan/explicit_layer.d
[2m2026-02-14T17:16:27.442126Z[0m [32m INFO[0m [2mwgpu_hal::vulkan::instance[0m[2m:[0m 	objects: (type: INSTANCE, hndl: 0x55ca2bd289e0, name: ?)
[2m2026-02-14T17:16:27.442131Z[0m [32m INFO[0m [2mwgpu_hal::vulkan::instance[0m[2m:[0m GENERAL [Loader Message (0x0)]
	      /etc/xdg/vulkan/explicit_layer.d
[2m2026-02-14T17:16:27.442135Z[0m [32m INFO[0m [2mwgpu_hal::vulkan::instance[0m[2m:[0m 	objects: (type: INSTANCE, hndl: 0x55ca2bd289e0, name: ?)
[2m2026-02-14T17:16:27.442186Z[0m [32m INFO[0m [2mwgpu_hal::vulkan::instance[0m[2m:[0m GENERAL [Loader Message (0x0)]
	      /etc/vulkan/explicit_layer.d
[2m2026-02-14T17:16:27.442195Z[0m [32m INFO[0m [2mwgpu_hal::vulkan::instance[0m[2m:[0m 	objects: (type: INSTANCE, hndl: 0x55ca2bd289e0, name: ?)
[2m2026-02-14T17:16:27.442202Z[0m [32m INFO[0m [2mwgpu_hal::vulkan::instance[0m[2m:[0m GENERAL [Loader Message (0x0)]
	      /home/jules/.local/share/vulkan/explicit_layer.d
[2m2026-02-14T17:16:27.442208Z[0m [32m INFO[0m [2mwgpu_hal::vulkan::instance[0m[2m:[0m 	objects: (type: INSTANCE, hndl: 0x55ca2bd289e0, name: ?)
[2m2026-02-14T17:16:27.442212Z[0m [32m INFO[0m [2mwgpu_hal::vulkan::instance[0m[2m:[0m GENERAL [Loader Message (0x0)]
	      /usr/local/share/vulkan/explicit_layer.d
[2m2026-02-14T17:16:27.442223Z[0m [32m INFO[0m [2mwgpu_hal::vulkan::instance[0m[2m:[0m 	objects: (type: INSTANCE, hndl: 0x55ca2bd289e0, name: ?)
[2m2026-02-14T17:16:27.442228Z[0m [32m INFO[0m [2mwgpu_hal::vulkan::instance[0m[2m:[0m GENERAL [Loader Message (0x0)]
	      /usr/share/vulkan/explicit_layer.d
[2m2026-02-14T17:16:27.442232Z[0m [32m INFO[0m [2mwgpu_hal::vulkan::instance[0m[2m:[0m 	objects: (type: INSTANCE, hndl: 0x55ca2bd289e0, name: ?)
[2m2026-02-14T17:16:27.442301Z[0m [32m INFO[0m [2mwgpu_hal::vulkan::instance[0m[2m:[0m GENERAL [Loader Message (0x0)]
	   Found no files
[2m2026-02-14T17:16:27.442318Z[0m [32m INFO[0m [2mwgpu_hal::vulkan::instance[0m[2m:[0m 	objects: (type: INSTANCE, hndl: 0x55ca2bd289e0, name: ?)
[2m2026-02-14T17:16:27.442378Z[0m [32m INFO[0m [2mwgpu_hal::vulkan::instance[0m[2m:[0m GENERAL [Loader Message (0x0)]
	Searching for driver manifest files
[2m2026-02-14T17:16:27.442387Z[0m [32m INFO[0m [2mwgpu_hal::vulkan::instance[0m[2m:[0m 	objects: (type: INSTANCE, hndl: 0x55ca2bd289e0, name: ?)
[2m2026-02-14T17:16:27.442398Z[0m [32m INFO[0m [2mwgpu_hal::vulkan::instance[0m[2m:[0m GENERAL [Loader Message (0x0)]
	   In following locations:
[2m2026-02-14T17:16:27.442423Z[0m [32m INFO[0m [2mwgpu_hal::vulkan::instance[0m[2m:[0m 	objects: (type: INSTANCE, hndl: 0x55ca2bd289e0, name: ?)
[2m2026-02-14T17:16:27.442439Z[0m [32m INFO[0m [2mwgpu_hal::vulkan::instance[0m[2m:[0m GENERAL [Loader Message (0x0)]
	      /home/jules/.config/vulkan/icd.d
[2m2026-02-14T17:16:27.442445Z[0m [32m INFO[0m [2mwgpu_hal::vulkan::instance[0m[2m:[0m 	objects: (type: INSTANCE, hndl: 0x55ca2bd289e0, name: ?)
[2m2026-02-14T17:16:27.442450Z[0m [32m INFO[0m [2mwgpu_hal::vulkan::instance[0m[2m:[0m GENERAL [Loader Message (0x0)]
	      /etc/xdg/vulkan/icd.d
[2m2026-02-14T17:16:27.442454Z[0m [32m INFO[0m [2mwgpu_hal::vulkan::instance[0m[2m:[0m 	objects: (type: INSTANCE, hndl: 0x55ca2bd289e0, name: ?)
[2m2026-02-14T17:16:27.442483Z[0m [32m INFO[0m [2mwgpu_hal::vulkan::instance[0m[2m:[0m GENERAL [Loader Message (0x0)]
	      /etc/vulkan/icd.d
[2m2026-02-14T17:16:27.442492Z[0m [32m INFO[0m [2mwgpu_hal::vulkan::instance[0m[2m:[0m 	objects: (type: INSTANCE, hndl: 0x55ca2bd289e0, name: ?)
[2m2026-02-14T17:16:27.442497Z[0m [32m INFO[0m [2mwgpu_hal::vulkan::instance[0m[2m:[0m GENERAL [Loader Message (0x0)]
	      /home/jules/.local/share/vulkan/icd.d
[2m2026-02-14T17:16:27.442502Z[0m [32m INFO[0m [2mwgpu_hal::vulkan::instance[0m[2m:[0m 	objects: (type: INSTANCE, hndl: 0x55ca2bd289e0, name: ?)
[2m2026-02-14T17:16:27.442506Z[0m [32m INFO[0m [2mwgpu_hal::vulkan::instance[0m[2m:[0m GENERAL [Loader Message (0x0)]
	      /usr/local/share/vulkan/icd.d
[2m2026-02-14T17:16:27.442510Z[0m [32m INFO[0m [2mwgpu_hal::vulkan::instance[0m[2m:[0m 	objects: (type: INSTANCE, hndl: 0x55ca2bd289e0, name: ?)
[2m2026-02-14T17:16:27.442514Z[0m [32m INFO[0m [2mwgpu_hal::vulkan::instance[0m[2m:[0m GENERAL [Loader Message (0x0)]
	      /usr/share/vulkan/icd.d
[2m2026-02-14T17:16:27.442540Z[0m [32m INFO[0m [2mwgpu_hal::vulkan::instance[0m[2m:[0m 	objects: (type: INSTANCE, hndl: 0x55ca2bd289e0, name: ?)
[2m2026-02-14T17:16:27.442590Z[0m [32m INFO[0m [2mwgpu_hal::vulkan::instance[0m[2m:[0m GENERAL [Loader Message (0x0)]
	   Found no files
[2m2026-02-14T17:16:27.442616Z[0m [32m INFO[0m [2mwgpu_hal::vulkan::instance[0m[2m:[0m 	objects: (type: INSTANCE, hndl: 0x55ca2bd289e0, name: ?)
[2m2026-02-14T17:16:27.442625Z[0m [31mERROR[0m [2mwgpu_hal::vulkan::instance[0m[2m:[0m GENERAL [Loader Message (0x0)]
	vkCreateInstance: Found no drivers!
[2m2026-02-14T17:16:27.442630Z[0m [31mERROR[0m [2mwgpu_hal::vulkan::instance[0m[2m:[0m 	objects: (type: INSTANCE, hndl: 0x55ca2bd289e0, name: ?)
error: XDG_RUNTIME_DIR is invalid or not set in the environment.
[2m2026-02-14T17:16:27.577243Z[0m [32m INFO[0m [2mwgpu_hal::gles::egl[0m[2m:[0m Using X11 platform
[2m2026-02-14T17:16:27.746033Z[0m [32m INFO[0m [2mwgpu_core::instance[0m[2m:[0m Adapter AdapterInfo { name: "llvmpipe (LLVM 20.1.2, 256 bits)", vendor: 65541, device: 0, device_type: Cpu, driver: "", driver_info: "4.5 (Core Profile) Mesa 25.0.7-0ubuntu0.24.04.2", backend: Gl }
[2m2026-02-14T17:16:27.746206Z[0m [32m INFO[0m [2mforge::gpu[0m[2m:[0m GPU adapter: "llvmpipe (LLVM 20.1.2, 256 bits)"
[2m2026-02-14T17:16:27.839832Z[0m [32m INFO[0m [2mforge::application[0m[2m:[0m GPU initialized: 1280x800
[2m2026-02-14T17:16:27.839902Z[0m [32m INFO[0m [2mforge::application[0m[2m:[0m AI Agent: will be spawned when async runtime is available
[2m2026-02-14T17:16:28.642874Z[0m [32m INFO[0m [2mforge::application[0m[2m:[0m Screenshot saved to screenshot_icons.png
