   Compiling cfg-if v1.0.4
   Compiling serde_core v1.0.228
   Compiling libc v0.2.182
   Compiling bitflags v2.11.0
   Compiling once_cell v1.21.3
   Compiling log v0.4.29
   Compiling memchr v2.8.0
   Compiling equivalent v1.0.2
   Compiling hashbrown v0.16.1
   Compiling anyhow v1.0.101
   Compiling scopeguard v1.2.0
   Compiling itoa v1.0.17
   Compiling pin-project-lite v0.2.16
   Compiling lock_api v0.4.14
   Compiling libloading v0.8.9
   Compiling serde v1.0.228
   Compiling indexmap v2.13.0
   Compiling zerofrom v0.1.6
   Compiling stable_deref_trait v1.2.1
   Compiling yoke v0.8.1
   Compiling linux-raw-sys v0.11.0
   Compiling thiserror v1.0.69
   Compiling bytes v1.11.1
   Compiling smallvec v1.15.1
   Compiling zerovec v0.11.5
   Compiling parking_lot_core v0.9.12
   Compiling parking_lot v0.12.5
   Compiling bytemuck v1.25.0
   Compiling zerocopy v0.8.39
   Compiling getrandom v0.3.4
   Compiling rustix v1.1.3
   Compiling errno v0.3.14
   Compiling slab v0.4.12
   Compiling thiserror v2.0.18
   Compiling signal-hook-registry v1.4.8
   Compiling mio v1.1.1
   Compiling socket2 v0.6.2
   Compiling percent-encoding v2.3.2
   Compiling futures-core v0.3.31
   Compiling downcast-rs v1.2.1
   Compiling tokio v1.49.0
   Compiling crc32fast v1.5.0
   Compiling tinystr v0.8.2
   Compiling tracing-core v0.1.36
   Compiling ahash v0.8.12
   Compiling litemap v0.8.1
   Compiling writeable v0.6.2
   Compiling icu_locale_core v2.1.1
   Compiling hashbrown v0.14.5
   Compiling zmij v1.0.21
   Compiling zerotrie v0.2.3
   Compiling potential_utf v0.1.4
   Compiling futures-sink v0.3.31
   Compiling pin-utils v0.1.0
   Compiling serde_json v1.0.149
   Compiling icu_collections v2.1.1
   Compiling icu_provider v2.1.1
   Compiling openssl-sys v0.9.111
   Compiling dlib v0.5.2
   Compiling foldhash v0.1.5
   Compiling hashbrown v0.15.5
   Compiling tracing v0.1.44
   Compiling icu_properties_data v2.1.2
   Compiling icu_normalizer_data v2.1.1
   Compiling termcolor v1.4.1
   Compiling icu_normalizer v2.1.1
   Compiling icu_properties v2.1.2
   Compiling wayland-sys v0.31.8
   Compiling crossbeam-utils v0.8.21
   Compiling futures-channel v0.3.31
   Compiling aho-corasick v1.1.4
   Compiling simd-adler32 v0.3.8
   Compiling scoped-tls v1.0.1
   Compiling linux-raw-sys v0.4.15
   Compiling regex-syntax v0.8.9
   Compiling rustix v0.38.44
   Compiling regex-automata v0.4.14
   Compiling wayland-backend v0.3.12
   Compiling crossbeam-epoch v0.9.18
   Compiling idna_adapter v1.2.1
   Compiling form_urlencoded v1.2.2
   Compiling http v1.4.0
   Compiling futures-task v0.3.31
   Compiling adler2 v2.0.1
   Compiling utf8_iter v1.0.4
   Compiling futures-io v0.3.31
   Compiling futures-util v0.3.31
   Compiling idna v1.1.0
   Compiling miniz_oxide v0.8.9
   Compiling num-traits v0.2.19
   Compiling crossbeam-deque v0.8.6
   Compiling typenum v1.19.0
   Compiling cranelift-bitset v0.114.0
   Compiling dirs-sys-next v0.1.2
   Compiling arrayvec v0.7.6
   Compiling cranelift-entity v0.114.0
   Compiling generic-array v0.14.7
   Compiling flate2 v1.1.9
   Compiling wayland-client v0.31.12
   Compiling url v2.5.8
   Compiling http-body v1.0.1
   Compiling tokio-util v0.7.18
   Compiling tree-sitter-language v0.1.7
   Compiling gimli v0.31.1
   Compiling rustc-hash v2.1.1
   Compiling alloc-no-stdlib v2.0.4
   Compiling bumpalo v3.19.1
   Compiling either v1.15.0
   Compiling zeroize v1.8.2
   Compiling rustls-pki-types v1.14.0
   Compiling alloc-stdlib v0.2.2
   Compiling target-lexicon v0.12.16
   Compiling regex v1.12.3
   Compiling libz-sys v1.1.23
   Compiling toml_datetime v0.6.11
   Compiling serde_spanned v0.6.9
   Compiling memmap2 v0.9.9
   Compiling getrandom v0.2.17
   Compiling toml_write v0.1.2
   Compiling atomic-waker v1.1.2
   Compiling fnv v1.0.7
   Compiling tower-service v0.3.3
   Compiling slice-group-by v0.3.1
   Compiling bit-vec v0.8.0
   Compiling arbitrary v1.4.2
   Compiling winnow v0.7.14
   Compiling foreign-types-shared v0.1.1
   Compiling untrusted v0.9.0
   Compiling rustc-hash v1.1.0
   Compiling unicode-width v0.1.14
   Compiling try-lock v0.2.5
   Compiling want v0.3.1
   Compiling cranelift-control v0.114.0
   Compiling codespan-reporting v0.11.1
   Compiling ring v0.17.14
   Compiling foreign-types v0.3.2
   Compiling regalloc2 v0.10.2
   Compiling toml_edit v0.22.27
   Compiling bit-set v0.8.0
   Compiling h2 v0.4.13
   Compiling libssh2-sys v0.3.1
   Compiling rayon-core v1.13.0
   Compiling getrandom v0.4.1
   Compiling httparse v1.10.1
   Compiling brotli-decompressor v5.0.0
   Compiling libm v0.2.16
   Compiling block-buffer v0.10.4
   Compiling crypto-common v0.1.7
   Compiling cranelift-bforest v0.114.0
   Compiling cobs v0.3.0
   Compiling font-types v0.7.3
   Compiling semver v1.0.27
   Compiling gpu-alloc-types v0.3.0
   Compiling gpu-descriptor-types v0.2.0
   Compiling spirv v0.3.0+sdk-1.3.268.0
   Compiling encoding_rs v0.8.35
   Compiling unicode-xid v0.2.6
   Compiling bitflags v1.3.2
   Compiling raw-window-handle v0.6.2
   Compiling hexf-parse v0.2.1
   Compiling cranelift-codegen-shared v0.114.0
   Compiling cranelift-codegen v0.114.0
   Compiling naga v23.1.0
   Compiling openssl v0.10.75
   Compiling gpu-descriptor v0.3.2
   Compiling gpu-alloc v0.6.0
   Compiling read-fonts v0.22.7
   Compiling wasmparser v0.219.2
   Compiling postcard v1.1.3
   Compiling digest v0.10.7
   Compiling brotli v8.0.2
   Compiling hyper v1.8.1
   Compiling uuid v1.21.0
   Compiling rayon v1.11.0
   Compiling libgit2-sys v0.18.3+1.9.2
   Compiling toml v0.8.23
   Compiling rustls-webpki v0.103.9
   Compiling khronos-egl v6.0.0
   Compiling ash v0.38.0+1.3.281
   Compiling object v0.36.7
   Compiling zstd-sys v2.0.16+zstd.1.5.7
   Compiling wayland-protocols v0.32.10
   Compiling polling v3.11.0
   Compiling filedescriptor v0.8.3
   Compiling wgpu-types v23.0.0
   Compiling openssl-probe v0.1.6
   Compiling glow v0.14.2
   Compiling ipnet v2.11.0
   Compiling openssl-probe v0.2.1
   Compiling base64 v0.22.1
   Compiling leb128 v0.2.5
   Compiling roxmltree v0.20.0
   Compiling subtle v2.6.1
   Compiling compression-core v0.4.31
   Compiling tinyvec_macros v0.1.1
   Compiling shell-words v1.1.1
   Compiling cpufeatures v0.2.17
   Compiling profiling v1.0.17
   Compiling leb128fmt v0.1.0
   Compiling renderdoc-sys v1.1.0
   Compiling wgpu-hal v23.0.1
   Compiling wasm-encoder v0.245.1
   Compiling sha2 v0.10.9
   Compiling tinyvec v1.10.0
   Compiling fontconfig-parser v0.5.8
   Compiling compression-codecs v0.4.36
   Compiling rustls v0.23.36
   Compiling wasm-encoder v0.219.2
   Compiling hyper-util v0.1.20
   Compiling native-tls v0.2.16
   Compiling git2 v0.20.4
   Compiling calloop v0.13.0
   Compiling zstd-safe v7.2.4
   Compiling wasmprinter v0.219.2
   Compiling skrifa v0.22.3
   Compiling slotmap v1.1.1
   Compiling cpp_demangle v0.4.5
   Compiling http-body-util v0.1.3
   Compiling dirs-next v2.0.0
   Compiling sync_wrapper v1.0.2
   Compiling serial-core v0.4.0
   Compiling ioctl-rs v0.1.6
   Compiling termios v0.2.2
   Compiling byteorder v1.5.0
   Compiling streaming-iterator v0.1.9
   Compiling zeno v0.2.3
   Compiling tower-layer v0.3.3
   Compiling unicode-segmentation v1.12.0
   Compiling arrayref v0.3.9
   Compiling rustc-demangle v0.1.27
   Compiling xcursor v0.3.10
   Compiling unicode-script v0.5.8
   Compiling yazi v0.1.6
   Compiling xkeysym v0.2.1
   Compiling unicode-width v0.2.2
   Compiling ttf-parser v0.25.1
   Compiling cursor-icon v1.2.0
   Compiling ttf-parser v0.20.0
   Compiling strict-num v0.1.1
   Compiling unicode-bidi-mirroring v0.2.0
   Compiling unicode-properties v0.1.4
   Compiling ttf-parser v0.21.1
   Compiling wasmtime-component-util v27.0.0
   Compiling unicode-ccc v0.2.0
   Compiling rustybuzz v0.14.1
   Compiling wasmtime-environ v27.0.0
   Compiling fontdb v0.16.2
   Compiling owned_ttf_parser v0.25.1
   Compiling tiny-skia-path v0.11.4
   Compiling wayland-csd-frame v0.3.0
   Compiling wast v245.0.1
   Compiling swash v0.1.19
   Compiling wayland-cursor v0.31.12
   Compiling tower v0.5.3
   Compiling tree-sitter v0.24.7
   Compiling fxhash v0.2.1
   Compiling serial-unix v0.4.0
   Compiling zstd v0.13.3
   Compiling calloop-wayland-source v0.3.0
   Compiling memoffset v0.6.5
   Compiling wgpu-core v23.0.1
   Compiling nix v0.28.0
   Compiling libsqlite3-sys v0.28.0
   Compiling tree-sitter-rust v0.23.3
   Compiling ittapi-sys v0.4.0
   Compiling tokio-native-tls v0.3.1
   Compiling tokio-rustls v0.26.4
   Compiling async-compression v0.4.39
   Compiling wayland-protocols-wlr v0.3.10
   Compiling debugid v0.8.0
   Compiling cranelift-native v0.114.0
   Compiling cranelift-frontend v0.114.0
   Compiling webpki-roots v1.0.6
   Compiling itertools v0.12.1
   Compiling directories-next v2.0.0
   Compiling pxfm v0.1.27
   Compiling fdeflate v0.3.7
   Compiling hashlink v0.9.1
   Compiling gethostname v1.1.0
   Compiling serial2 v0.2.33
   Compiling bstr v1.12.1
   Compiling wasmtime-asm-macros v27.0.0
   Compiling as-raw-xcb-connection v1.0.1
   Compiling ryu v1.0.23
   Compiling rangemap v1.7.1
   Compiling fallible-streaming-iterator v0.1.9
   Compiling sys-locale v0.3.2
   Compiling base64 v0.21.7
   Compiling fallible-iterator v0.3.0
   Compiling str_indices v0.4.4
   Compiling x11rb-protocol v0.13.2
   Compiling unicode-bidi v0.3.18
   Compiling unicode-linebreak v0.1.5
   Compiling ab_glyph_rasterizer v0.1.10
   Compiling static_assertions v1.1.0
   Compiling iri-string v0.7.10
   Compiling self_cell v1.2.2
   Compiling same-file v1.0.6
   Compiling walkdir v2.5.0
   Compiling cosmic-text v0.12.1
   Compiling tower-http v0.6.8
   Compiling x11rb v0.13.2
   Compiling wgpu v23.0.1
