warning: unused import: `Pixel`
 --> crates/forge-test-tools/src/screenshot.rs:1:24
  |
1 | use image::{RgbaImage, Pixel};
  |                        ^^^^^
  |
  = note: `#[warn(unused_imports)]` (part of `#[warn(unused)]`) on by default

warning: unused imports: `ElementState` and `MouseButton`
 --> crates/forge-test-tools/src/input_sim.rs:1:20
  |
1 | use winit::event::{ElementState, MouseButton, WindowEvent};
  |                    ^^^^^^^^^^^^  ^^^^^^^^^^^

warning: `forge-test-tools` (lib) generated 2 warnings (run `cargo fix --lib -p forge-test-tools` to apply 2 suggestions)
warning: variable does not need to be mutable
   --> crates/forge-app/src/application.rs:365:13
    |
365 |         let mut file_explorer = crate::file_explorer::FileExplorer::new();
    |             ----^^^^^^^^^^^^^
    |             |
    |             help: remove this `mut`
    |
    = note: `#[warn(unused_mut)]` (part of `#[warn(unused)]`) on by default

warning: `forge-app` (bin "forge") generated 1 warning (run `cargo fix --bin "forge" -p forge-app` to apply 1 suggestion)
    Finished `dev` profile [optimized + debuginfo] target(s) in 0.51s
     Running `target/debug/forge --debug-zones --screenshot screenshot_debug.png`
[2m2026-02-14T16:15:02.720306Z[0m [32m INFO[0m [2mforge[0m[2m:[0m 🔥 Forge Editor starting...
[2m2026-02-14T16:15:02.723850Z[0m [33m WARN[0m [2mwinit::platform_impl::linux::x11::xdisplay[0m[2m:[0m error setting XSETTINGS; Xft options won't reload automatically
[2m2026-02-14T16:15:02.742717Z[0m [32m INFO[0m [2mforge::application[0m[2m:[0m Plugin runtime initialized (WASM)
[2m2026-02-14T16:15:02.743344Z[0m [32m INFO[0m [2mforge_lsp::server[0m[2m:[0m Spawning LSP server: rust-analyzer []
[2m2026-02-14T16:15:02.743709Z[0m [32m INFO[0m [2mforge::application[0m[2m:[0m LSP: rust-analyzer spawned
[2m2026-02-14T16:15:02.744102Z[0m [33m WARN[0m [2mwinit::platform_impl::linux::x11::util::randr[0m[2m:[0m XRandR reported that the display's 0mm in size, which is certifiably insane
[2m2026-02-14T16:15:02.744199Z[0m [32m INFO[0m [2mwinit::platform_impl::linux::x11::window[0m[2m:[0m Guessed window scale factor: 1
[2m2026-02-14T16:15:02.745627Z[0m [33m WARN[0m [2mwgpu_hal::vulkan::instance[0m[2m:[0m Unable to find extension: VK_KHR_surface
[2m2026-02-14T16:15:02.745654Z[0m [33m WARN[0m [2mwgpu_hal::vulkan::instance[0m[2m:[0m Unable to find extension: VK_KHR_xlib_surface
[2m2026-02-14T16:15:02.745659Z[0m [33m WARN[0m [2mwgpu_hal::vulkan::instance[0m[2m:[0m Unable to find extension: VK_KHR_xcb_surface
[2m2026-02-14T16:15:02.745663Z[0m [33m WARN[0m [2mwgpu_hal::vulkan::instance[0m[2m:[0m Unable to find extension: VK_KHR_wayland_surface
[2m2026-02-14T16:15:02.745667Z[0m [33m WARN[0m [2mwgpu_hal::vulkan::instance[0m[2m:[0m Unable to find extension: VK_EXT_swapchain_colorspace
[2m2026-02-14T16:15:02.745671Z[0m [33m WARN[0m [2mwgpu_hal::vulkan::instance[0m[2m:[0m Unable to find extension: VK_KHR_get_physical_device_properties2
[2m2026-02-14T16:15:02.745876Z[0m [33m WARN[0m [2mwgpu_hal::vulkan::instance[0m[2m:[0m InstanceFlags::VALIDATION requested, but unable to find layer: VK_LAYER_KHRONOS_validation
[2m2026-02-14T16:15:02.745916Z[0m [32m INFO[0m [2mwgpu_hal::vulkan::instance[0m[2m:[0m GENERAL [Loader Message (0x0)]
	Searching for implicit layer manifest files
[2m2026-02-14T16:15:02.745935Z[0m [32m INFO[0m [2mwgpu_hal::vulkan::instance[0m[2m:[0m 	objects: (type: INSTANCE, hndl: 0x55f621c07a00, name: ?)
[2m2026-02-14T16:15:02.745954Z[0m [32m INFO[0m [2mwgpu_hal::vulkan::instance[0m[2m:[0m GENERAL [Loader Message (0x0)]
	   In following locations:
[2m2026-02-14T16:15:02.745959Z[0m [32m INFO[0m [2mwgpu_hal::vulkan::instance[0m[2m:[0m 	objects: (type: INSTANCE, hndl: 0x55f621c07a00, name: ?)
[2m2026-02-14T16:15:02.745963Z[0m [32m INFO[0m [2mwgpu_hal::vulkan::instance[0m[2m:[0m GENERAL [Loader Message (0x0)]
	      /home/jules/.config/vulkan/implicit_layer.d
[2m2026-02-14T16:15:02.745968Z[0m [32m INFO[0m [2mwgpu_hal::vulkan::instance[0m[2m:[0m 	objects: (type: INSTANCE, hndl: 0x55f621c07a00, name: ?)
[2m2026-02-14T16:15:02.745984Z[0m [32m INFO[0m [2mwgpu_hal::vulkan::instance[0m[2m:[0m GENERAL [Loader Message (0x0)]
	      /etc/xdg/vulkan/implicit_layer.d
[2m2026-02-14T16:15:02.745989Z[0m [32m INFO[0m [2mwgpu_hal::vulkan::instance[0m[2m:[0m 	objects: (type: INSTANCE, hndl: 0x55f621c07a00, name: ?)
[2m2026-02-14T16:15:02.745993Z[0m [32m INFO[0m [2mwgpu_hal::vulkan::instance[0m[2m:[0m GENERAL [Loader Message (0x0)]
	      /etc/vulkan/implicit_layer.d
[2m2026-02-14T16:15:02.745997Z[0m [32m INFO[0m [2mwgpu_hal::vulkan::instance[0m[2m:[0m 	objects: (type: INSTANCE, hndl: 0x55f621c07a00, name: ?)
[2m2026-02-14T16:15:02.746001Z[0m [32m INFO[0m [2mwgpu_hal::vulkan::instance[0m[2m:[0m GENERAL [Loader Message (0x0)]
	      /home/jules/.local/share/vulkan/implicit_layer.d
[2m2026-02-14T16:15:02.746005Z[0m [32m INFO[0m [2mwgpu_hal::vulkan::instance[0m[2m:[0m 	objects: (type: INSTANCE, hndl: 0x55f621c07a00, name: ?)
[2m2026-02-14T16:15:02.746009Z[0m [32m INFO[0m [2mwgpu_hal::vulkan::instance[0m[2m:[0m GENERAL [Loader Message (0x0)]
	      /usr/local/share/vulkan/implicit_layer.d
[2m2026-02-14T16:15:02.746013Z[0m [32m INFO[0m [2mwgpu_hal::vulkan::instance[0m[2m:[0m 	objects: (type: INSTANCE, hndl: 0x55f621c07a00, name: ?)
[2m2026-02-14T16:15:02.746017Z[0m [32m INFO[0m [2mwgpu_hal::vulkan::instance[0m[2m:[0m GENERAL [Loader Message (0x0)]
	      /usr/share/vulkan/implicit_layer.d
[2m2026-02-14T16:15:02.746021Z[0m [32m INFO[0m [2mwgpu_hal::vulkan::instance[0m[2m:[0m 	objects: (type: INSTANCE, hndl: 0x55f621c07a00, name: ?)
[2m2026-02-14T16:15:02.746046Z[0m [32m INFO[0m [2mwgpu_hal::vulkan::instance[0m[2m:[0m GENERAL [Loader Message (0x0)]
	   Found no files
[2m2026-02-14T16:15:02.746050Z[0m [32m INFO[0m [2mwgpu_hal::vulkan::instance[0m[2m:[0m 	objects: (type: INSTANCE, hndl: 0x55f621c07a00, name: ?)
[2m2026-02-14T16:15:02.746060Z[0m [32m INFO[0m [2mwgpu_hal::vulkan::instance[0m[2m:[0m GENERAL [Loader Message (0x0)]
	Searching for explicit layer manifest files
[2m2026-02-14T16:15:02.746065Z[0m [32m INFO[0m [2mwgpu_hal::vulkan::instance[0m[2m:[0m 	objects: (type: INSTANCE, hndl: 0x55f621c07a00, name: ?)
[2m2026-02-14T16:15:02.746069Z[0m [32m INFO[0m [2mwgpu_hal::vulkan::instance[0m[2m:[0m GENERAL [Loader Message (0x0)]
	   In following locations:
[2m2026-02-14T16:15:02.746073Z[0m [32m INFO[0m [2mwgpu_hal::vulkan::instance[0m[2m:[0m 	objects: (type: INSTANCE, hndl: 0x55f621c07a00, name: ?)
[2m2026-02-14T16:15:02.746077Z[0m [32m INFO[0m [2mwgpu_hal::vulkan::instance[0m[2m:[0m GENERAL [Loader Message (0x0)]
	      /home/jules/.config/vulkan/explicit_layer.d
[2m2026-02-14T16:15:02.746081Z[0m [32m INFO[0m [2mwgpu_hal::vulkan::instance[0m[2m:[0m 	objects: (type: INSTANCE, hndl: 0x55f621c07a00, name: ?)
[2m2026-02-14T16:15:02.746085Z[0m [32m INFO[0m [2mwgpu_hal::vulkan::instance[0m[2m:[0m GENERAL [Loader Message (0x0)]
	      /etc/xdg/vulkan/explicit_layer.d
[2m2026-02-14T16:15:02.746089Z[0m [32m INFO[0m [2mwgpu_hal::vulkan::instance[0m[2m:[0m 	objects: (type: INSTANCE, hndl: 0x55f621c07a00, name: ?)
[2m2026-02-14T16:15:02.746093Z[0m [32m INFO[0m [2mwgpu_hal::vulkan::instance[0m[2m:[0m GENERAL [Loader Message (0x0)]
	      /etc/vulkan/explicit_layer.d
[2m2026-02-14T16:15:02.746098Z[0m [32m INFO[0m [2mwgpu_hal::vulkan::instance[0m[2m:[0m 	objects: (type: INSTANCE, hndl: 0x55f621c07a00, name: ?)
[2m2026-02-14T16:15:02.746104Z[0m [32m INFO[0m [2mwgpu_hal::vulkan::instance[0m[2m:[0m GENERAL [Loader Message (0x0)]
	      /home/jules/.local/share/vulkan/explicit_layer.d
[2m2026-02-14T16:15:02.746111Z[0m [32m INFO[0m [2mwgpu_hal::vulkan::instance[0m[2m:[0m 	objects: (type: INSTANCE, hndl: 0x55f621c07a00, name: ?)
[2m2026-02-14T16:15:02.746117Z[0m [32m INFO[0m [2mwgpu_hal::vulkan::instance[0m[2m:[0m GENERAL [Loader Message (0x0)]
	      /usr/local/share/vulkan/explicit_layer.d
[2m2026-02-14T16:15:02.746129Z[0m [32m INFO[0m [2mwgpu_hal::vulkan::instance[0m[2m:[0m 	objects: (type: INSTANCE, hndl: 0x55f621c07a00, name: ?)
[2m2026-02-14T16:15:02.746135Z[0m [32m INFO[0m [2mwgpu_hal::vulkan::instance[0m[2m:[0m GENERAL [Loader Message (0x0)]
	      /usr/share/vulkan/explicit_layer.d
[2m2026-02-14T16:15:02.746141Z[0m [32m INFO[0m [2mwgpu_hal::vulkan::instance[0m[2m:[0m 	objects: (type: INSTANCE, hndl: 0x55f621c07a00, name: ?)
[2m2026-02-14T16:15:02.746176Z[0m [32m INFO[0m [2mwgpu_hal::vulkan::instance[0m[2m:[0m GENERAL [Loader Message (0x0)]
	   Found no files
[2m2026-02-14T16:15:02.746184Z[0m [32m INFO[0m [2mwgpu_hal::vulkan::instance[0m[2m:[0m 	objects: (type: INSTANCE, hndl: 0x55f621c07a00, name: ?)
[2m2026-02-14T16:15:02.746198Z[0m [32m INFO[0m [2mwgpu_hal::vulkan::instance[0m[2m:[0m GENERAL [Loader Message (0x0)]
	Searching for driver manifest files
[2m2026-02-14T16:15:02.746205Z[0m [32m INFO[0m [2mwgpu_hal::vulkan::instance[0m[2m:[0m 	objects: (type: INSTANCE, hndl: 0x55f621c07a00, name: ?)
[2m2026-02-14T16:15:02.746211Z[0m [32m INFO[0m [2mwgpu_hal::vulkan::instance[0m[2m:[0m GENERAL [Loader Message (0x0)]
	   In following locations:
[2m2026-02-14T16:15:02.746217Z[0m [32m INFO[0m [2mwgpu_hal::vulkan::instance[0m[2m:[0m 	objects: (type: INSTANCE, hndl: 0x55f621c07a00, name: ?)
[2m2026-02-14T16:15:02.746224Z[0m [32m INFO[0m [2mwgpu_hal::vulkan::instance[0m[2m:[0m GENERAL [Loader Message (0x0)]
	      /home/jules/.config/vulkan/icd.d
[2m2026-02-14T16:15:02.746230Z[0m [32m INFO[0m [2mwgpu_hal::vulkan::instance[0m[2m:[0m 	objects: (type: INSTANCE, hndl: 0x55f621c07a00, name: ?)
[2m2026-02-14T16:15:02.746234Z[0m [32m INFO[0m [2mwgpu_hal::vulkan::instance[0m[2m:[0m GENERAL [Loader Message (0x0)]
	      /etc/xdg/vulkan/icd.d
[2m2026-02-14T16:15:02.746238Z[0m [32m INFO[0m [2mwgpu_hal::vulkan::instance[0m[2m:[0m 	objects: (type: INSTANCE, hndl: 0x55f621c07a00, name: ?)
[2m2026-02-14T16:15:02.746242Z[0m [32m INFO[0m [2mwgpu_hal::vulkan::instance[0m[2m:[0m GENERAL [Loader Message (0x0)]
	      /etc/vulkan/icd.d
[2m2026-02-14T16:15:02.746246Z[0m [32m INFO[0m [2mwgpu_hal::vulkan::instance[0m[2m:[0m 	objects: (type: INSTANCE, hndl: 0x55f621c07a00, name: ?)
[2m2026-02-14T16:15:02.746250Z[0m [32m INFO[0m [2mwgpu_hal::vulkan::instance[0m[2m:[0m GENERAL [Loader Message (0x0)]
	      /home/jules/.local/share/vulkan/icd.d
[2m2026-02-14T16:15:02.746254Z[0m [32m INFO[0m [2mwgpu_hal::vulkan::instance[0m[2m:[0m 	objects: (type: INSTANCE, hndl: 0x55f621c07a00, name: ?)
[2m2026-02-14T16:15:02.746258Z[0m [32m INFO[0m [2mwgpu_hal::vulkan::instance[0m[2m:[0m GENERAL [Loader Message (0x0)]
	      /usr/local/share/vulkan/icd.d
[2m2026-02-14T16:15:02.746262Z[0m [32m INFO[0m [2mwgpu_hal::vulkan::instance[0m[2m:[0m 	objects: (type: INSTANCE, hndl: 0x55f621c07a00, name: ?)
[2m2026-02-14T16:15:02.746266Z[0m [32m INFO[0m [2mwgpu_hal::vulkan::instance[0m[2m:[0m GENERAL [Loader Message (0x0)]
	      /usr/share/vulkan/icd.d
[2m2026-02-14T16:15:02.746270Z[0m [32m INFO[0m [2mwgpu_hal::vulkan::instance[0m[2m:[0m 	objects: (type: INSTANCE, hndl: 0x55f621c07a00, name: ?)
[2m2026-02-14T16:15:02.746296Z[0m [32m INFO[0m [2mwgpu_hal::vulkan::instance[0m[2m:[0m GENERAL [Loader Message (0x0)]
	   Found no files
[2m2026-02-14T16:15:02.746300Z[0m [32m INFO[0m [2mwgpu_hal::vulkan::instance[0m[2m:[0m 	objects: (type: INSTANCE, hndl: 0x55f621c07a00, name: ?)
[2m2026-02-14T16:15:02.746306Z[0m [31mERROR[0m [2mwgpu_hal::vulkan::instance[0m[2m:[0m GENERAL [Loader Message (0x0)]
	vkCreateInstance: Found no drivers!
[2m2026-02-14T16:15:02.746311Z[0m [31mERROR[0m [2mwgpu_hal::vulkan::instance[0m[2m:[0m 	objects: (type: INSTANCE, hndl: 0x55f621c07a00, name: ?)
error: XDG_RUNTIME_DIR is invalid or not set in the environment.
[2m2026-02-14T16:15:02.783515Z[0m [32m INFO[0m [2mwgpu_hal::gles::egl[0m[2m:[0m Using X11 platform
[2m2026-02-14T16:15:02.831755Z[0m [32m INFO[0m [2mwgpu_core::instance[0m[2m:[0m Adapter AdapterInfo { name: "llvmpipe (LLVM 20.1.2, 256 bits)", vendor: 65541, device: 0, device_type: Cpu, driver: "", driver_info: "4.5 (Core Profile) Mesa 25.0.7-0ubuntu0.24.04.2", backend: Gl }
[2m2026-02-14T16:15:02.831884Z[0m [32m INFO[0m [2mforge::gpu[0m[2m:[0m GPU adapter: "llvmpipe (LLVM 20.1.2, 256 bits)"
[2m2026-02-14T16:15:02.856788Z[0m [32m INFO[0m [2mforge::application[0m[2m:[0m GPU initialized: 1280x800
[2m2026-02-14T16:15:02.856891Z[0m [32m INFO[0m [2mforge::application[0m[2m:[0m AI Agent: will be spawned when async runtime is available
[2m2026-02-14T16:15:03.052755Z[0m [32m INFO[0m [2mforge::application[0m[2m:[0m Screenshot saved to screenshot_debug.png
